\BOOKMARK [1][-]{section.1}{Introduction}{}% 1
\BOOKMARK [1][-]{section.2}{Background\040and\040Motivation}{}% 2
\BOOKMARK [2][-]{subsection.2.1}{DDNN\040Training}{section.2}% 3
\BOOKMARK [2][-]{subsection.2.2}{DDNN\040Inference}{section.2}% 4
\BOOKMARK [2][-]{subsection.2.3}{Motivation:\040Exploring\040DDNN\040System\040Designs}{section.2}% 5
\BOOKMARK [1][-]{section.3}{The\040Proposed\040Framework}{}% 6
\BOOKMARK [2][-]{subsection.3.1}{Server\040Module}{section.3}% 7
\BOOKMARK [2][-]{subsection.3.2}{Device\040Module}{section.3}% 8
\BOOKMARK [2][-]{subsection.3.3}{Execution\040Model}{section.3}% 9
\BOOKMARK [2][-]{subsection.3.4}{System\040Design\040Remarks}{section.3}% 10
\BOOKMARK [3][-]{subsubsection.3.4.1}{Characteristics\040of\040the\040Target\040Systems}{subsection.3.4}% 11
\BOOKMARK [3][-]{subsubsection.3.4.2}{Code\040Generation\040for\040End\040Devices}{subsection.3.4}% 12
\BOOKMARK [3][-]{subsubsection.3.4.3}{Thread\040Handling\040Models\040in\040Model\040Inference\040Acceleration}{subsection.3.4}% 13
\BOOKMARK [3][-]{subsubsection.3.4.4}{Miscellaneous\040Feature}{subsection.3.4}% 14
\BOOKMARK [1][-]{section.4}{Experimental\040Results}{}% 15
\BOOKMARK [2][-]{subsection.4.1}{Model\040Design}{section.4}% 16
\BOOKMARK [2][-]{subsection.4.2}{Adaptive\040Computation}{section.4}% 17
\BOOKMARK [2][-]{subsection.4.3}{Server\040Capacity\040Analysis}{section.4}% 18
\BOOKMARK [2][-]{subsection.4.4}{Entropy\040Threshold}{section.4}% 19
\BOOKMARK [1][-]{section.5}{Related\040Work}{}% 20
\BOOKMARK [1][-]{section.6}{Conclusion}{}% 21
\BOOKMARK [1][-]{section*.1}{References}{}% 22
